0 info it worked if it ends with ok
1 verbose cli [ 'c:\\Program Files\\nodejs\\node.exe',
1 verbose cli   'c:\\Program Files\\nodejs\\node_modules\\npm\\bin\\npm-cli.js',
1 verbose cli   'install' ]
2 info using npm@1.1.32
3 info using node@v0.8.0
4 verbose config file C:\Users\IATBFOREVER\.npmrc
5 verbose config file c:\Program Files\nodejs\etc\npmrc
6 verbose config file c:\Program Files\nodejs\node_modules\npm\npmrc
7 verbose read json D:\git\webstorm\my_cf\package.json
8 verbose readDependencies using package.json deps
9 verbose install where, deps [ 'D:\\git\\webstorm\\my_cf',
9 verbose install   [ 'express',
9 verbose install     'ejs',
9 verbose install     'jsdom',
9 verbose install     'mysql',
9 verbose install     'socket.io',
9 verbose install     'connect',
9 verbose install     'stylus',
9 verbose install     'jad',
9 verbose install     'qs',
9 verbose install     'nib',
9 verbose install     'socket.io-client',
9 verbose install     'redis',
9 verbose install     'mime',
9 verbose install     'uglify-js',
9 verbose install     'connect-redis' ] ]
10 verbose from cache D:\git\webstorm\my_cf\package.json
11 info preinstall my_cf@0.0.1
12 verbose read json D:\git\webstorm\my_cf\node_modules\connect\package.json
13 verbose read json D:\git\webstorm\my_cf\node_modules\connect-redis\package.json
14 verbose read json D:\git\webstorm\my_cf\node_modules\express\package.json
15 verbose read json D:\git\webstorm\my_cf\node_modules\jade\package.json
16 verbose read json D:\git\webstorm\my_cf\node_modules\mime\package.json
17 verbose read json D:\git\webstorm\my_cf\node_modules\nib\package.json
18 verbose read json D:\git\webstorm\my_cf\node_modules\qs\package.json
19 verbose read json D:\git\webstorm\my_cf\node_modules\redis\package.json
20 verbose read json D:\git\webstorm\my_cf\node_modules\session\package.json
21 verbose read json D:\git\webstorm\my_cf\node_modules\socket.io\package.json
22 verbose read json D:\git\webstorm\my_cf\node_modules\socket.io-client\package.json
23 verbose read json D:\git\webstorm\my_cf\node_modules\stylus\package.json
24 verbose read json D:\git\webstorm\my_cf\node_modules\uglify-js\package.json
25 warn package.json mime@1.2.4 'contributers' should probably be 'contributors'
26 verbose from cache D:\git\webstorm\my_cf\package.json
27 verbose readDependencies using package.json deps
28 verbose read json D:\git\webstorm\my_cf\node_modules\connect\package.json
29 verbose from cache D:\git\webstorm\my_cf\node_modules\connect-redis\package.json
30 verbose read json D:\git\webstorm\my_cf\node_modules\express\package.json
31 verbose read json D:\git\webstorm\my_cf\node_modules\jade\package.json
32 verbose from cache D:\git\webstorm\my_cf\node_modules\mime\package.json
33 verbose read json D:\git\webstorm\my_cf\node_modules\nib\package.json
34 verbose read json D:\git\webstorm\my_cf\node_modules\qs\package.json
35 verbose from cache D:\git\webstorm\my_cf\node_modules\redis\package.json
36 verbose read json D:\git\webstorm\my_cf\node_modules\session\package.json
37 verbose read json D:\git\webstorm\my_cf\node_modules\socket.io\package.json
38 verbose read json D:\git\webstorm\my_cf\node_modules\socket.io-client\package.json
39 verbose read json D:\git\webstorm\my_cf\node_modules\stylus\package.json
40 verbose from cache D:\git\webstorm\my_cf\node_modules\uglify-js\package.json
41 verbose cache add [ 'stylus@*', null ]
42 silly cache add name=undefined spec="stylus@*" args=["stylus@*",null]
43 verbose parsed url { pathname: 'stylus@*', path: 'stylus@*', href: 'stylus@*' }
44 silly cache add name="stylus" spec="*" args=["stylus","*"]
45 verbose parsed url { pathname: '*', path: '*', href: '*' }
46 verbose addNamed [ 'stylus', '*' ]
47 verbose addNamed [ null, '' ]
48 silly addNameRange { name: 'stylus', range: '', hasData: false }
49 verbose cache add [ 'jad@*', null ]
50 silly cache add name=undefined spec="jad@*" args=["jad@*",null]
51 verbose parsed url { pathname: 'jad@*', path: 'jad@*', href: 'jad@*' }
52 silly cache add name="jad" spec="*" args=["jad","*"]
53 verbose parsed url { pathname: '*', path: '*', href: '*' }
54 verbose addNamed [ 'jad', '*' ]
55 verbose addNamed [ null, '' ]
56 silly addNameRange { name: 'jad', range: '', hasData: false }
57 verbose cache add [ 'qs@*', null ]
58 silly cache add name=undefined spec="qs@*" args=["qs@*",null]
59 verbose parsed url { pathname: 'qs@*', path: 'qs@*', href: 'qs@*' }
60 silly cache add name="qs" spec="*" args=["qs","*"]
61 verbose parsed url { pathname: '*', path: '*', href: '*' }
62 verbose addNamed [ 'qs', '*' ]
63 verbose addNamed [ null, '' ]
64 silly addNameRange { name: 'qs', range: '', hasData: false }
65 verbose cache add [ 'nib@*', null ]
66 silly cache add name=undefined spec="nib@*" args=["nib@*",null]
67 verbose parsed url { pathname: 'nib@*', path: 'nib@*', href: 'nib@*' }
68 silly cache add name="nib" spec="*" args=["nib","*"]
69 verbose parsed url { pathname: '*', path: '*', href: '*' }
70 verbose addNamed [ 'nib', '*' ]
71 verbose addNamed [ null, '' ]
72 silly addNameRange { name: 'nib', range: '', hasData: false }
73 verbose cache add [ 'socket.io-client@*', null ]
74 silly cache add name=undefined spec="socket.io-client@*" args=["socket.io-client@*",null]
75 verbose parsed url { pathname: 'socket.io-client@*',
75 verbose parsed url   path: 'socket.io-client@*',
75 verbose parsed url   href: 'socket.io-client@*' }
76 silly cache add name="socket.io-client" spec="*" args=["socket.io-client","*"]
77 verbose parsed url { pathname: '*', path: '*', href: '*' }
78 verbose addNamed [ 'socket.io-client', '*' ]
79 verbose addNamed [ null, '' ]
80 silly addNameRange { name: 'socket.io-client', range: '', hasData: false }
81 verbose already installed skipping redis@0.5.11 D:\git\webstorm\my_cf
82 verbose already installed skipping mime@1.2.4 D:\git\webstorm\my_cf
83 verbose already installed skipping uglify-js@1.0.7 D:\git\webstorm\my_cf
84 verbose already installed skipping connect-redis@>=1.0.7 D:\git\webstorm\my_cf
85 verbose cache add [ 'express@>=2.5.11', null ]
86 silly cache add name=undefined spec="express@>=2.5.11" args=["express@>=2.5.11",null]
87 verbose parsed url { pathname: 'express@%3E=2.5.11',
87 verbose parsed url   path: 'express@%3E=2.5.11',
87 verbose parsed url   href: 'express@%3E=2.5.11' }
88 silly cache add name="express" spec=">=2.5.11" args=["express",">=2.5.11"]
89 verbose parsed url { pathname: '%3E=2.5.11',
89 verbose parsed url   path: '%3E=2.5.11',
89 verbose parsed url   href: '%3E=2.5.11' }
90 verbose addNamed [ 'express', '>=2.5.11' ]
91 verbose addNamed [ null, '>=2.5.11' ]
92 silly addNameRange { name: 'express', range: '>=2.5.11', hasData: false }
93 verbose cache add [ 'ejs@>=0.7.2', null ]
94 silly cache add name=undefined spec="ejs@>=0.7.2" args=["ejs@>=0.7.2",null]
95 verbose parsed url { pathname: 'ejs@%3E=0.7.2',
95 verbose parsed url   path: 'ejs@%3E=0.7.2',
95 verbose parsed url   href: 'ejs@%3E=0.7.2' }
96 silly cache add name="ejs" spec=">=0.7.2" args=["ejs",">=0.7.2"]
97 verbose parsed url { pathname: '%3E=0.7.2', path: '%3E=0.7.2', href: '%3E=0.7.2' }
98 verbose addNamed [ 'ejs', '>=0.7.2' ]
99 verbose addNamed [ null, '>=0.7.2' ]
100 silly addNameRange { name: 'ejs', range: '>=0.7.2', hasData: false }
101 verbose cache add [ 'jsdom@>=0.2.14', null ]
102 silly cache add name=undefined spec="jsdom@>=0.2.14" args=["jsdom@>=0.2.14",null]
103 verbose parsed url { pathname: 'jsdom@%3E=0.2.14',
103 verbose parsed url   path: 'jsdom@%3E=0.2.14',
103 verbose parsed url   href: 'jsdom@%3E=0.2.14' }
104 silly cache add name="jsdom" spec=">=0.2.14" args=["jsdom",">=0.2.14"]
105 verbose parsed url { pathname: '%3E=0.2.14',
105 verbose parsed url   path: '%3E=0.2.14',
105 verbose parsed url   href: '%3E=0.2.14' }
106 verbose addNamed [ 'jsdom', '>=0.2.14' ]
107 verbose addNamed [ null, '>=0.2.14' ]
108 silly addNameRange { name: 'jsdom', range: '>=0.2.14', hasData: false }
109 verbose cache add [ 'mysql@>=0.9.6', null ]
110 silly cache add name=undefined spec="mysql@>=0.9.6" args=["mysql@>=0.9.6",null]
111 verbose parsed url { pathname: 'mysql@%3E=0.9.6',
111 verbose parsed url   path: 'mysql@%3E=0.9.6',
111 verbose parsed url   href: 'mysql@%3E=0.9.6' }
112 silly cache add name="mysql" spec=">=0.9.6" args=["mysql",">=0.9.6"]
113 verbose parsed url { pathname: '%3E=0.9.6', path: '%3E=0.9.6', href: '%3E=0.9.6' }
114 verbose addNamed [ 'mysql', '>=0.9.6' ]
115 verbose addNamed [ null, '>=0.9.6' ]
116 silly addNameRange { name: 'mysql', range: '>=0.9.6', hasData: false }
117 verbose cache add [ 'socket.io@>=0.9.6', null ]
118 silly cache add name=undefined spec="socket.io@>=0.9.6" args=["socket.io@>=0.9.6",null]
119 verbose parsed url { pathname: 'socket.io@%3E=0.9.6',
119 verbose parsed url   path: 'socket.io@%3E=0.9.6',
119 verbose parsed url   href: 'socket.io@%3E=0.9.6' }
120 silly cache add name="socket.io" spec=">=0.9.6" args=["socket.io",">=0.9.6"]
121 verbose parsed url { pathname: '%3E=0.9.6', path: '%3E=0.9.6', href: '%3E=0.9.6' }
122 verbose addNamed [ 'socket.io', '>=0.9.6' ]
123 verbose addNamed [ null, '>=0.9.6' ]
124 silly addNameRange { name: 'socket.io', range: '>=0.9.6', hasData: false }
125 verbose cache add [ 'connect@>=2.3.6', null ]
126 silly cache add name=undefined spec="connect@>=2.3.6" args=["connect@>=2.3.6",null]
127 verbose parsed url { pathname: 'connect@%3E=2.3.6',
127 verbose parsed url   path: 'connect@%3E=2.3.6',
127 verbose parsed url   href: 'connect@%3E=2.3.6' }
128 silly cache add name="connect" spec=">=2.3.6" args=["connect",">=2.3.6"]
129 verbose parsed url { pathname: '%3E=2.3.6', path: '%3E=2.3.6', href: '%3E=2.3.6' }
130 verbose addNamed [ 'connect', '>=2.3.6' ]
131 verbose addNamed [ null, '>=2.3.6' ]
132 silly addNameRange { name: 'connect', range: '>=2.3.6', hasData: false }
133 verbose url raw jad
134 verbose url resolving [ 'https://registry.npmjs.org/', './jad' ]
135 verbose url resolved https://registry.npmjs.org/jad
136 http GET https://registry.npmjs.org/jad
137 verbose url raw jsdom
138 verbose url resolving [ 'https://registry.npmjs.org/', './jsdom' ]
139 verbose url resolved https://registry.npmjs.org/jsdom
140 verbose etag "C56C0J7ZYL2GBFHWFBO0CKX05"
141 http GET https://registry.npmjs.org/jsdom
142 verbose url raw stylus
143 verbose url resolving [ 'https://registry.npmjs.org/', './stylus' ]
144 verbose url resolved https://registry.npmjs.org/stylus
145 verbose etag "CF5LU1ZZCF9IXXJEFEIA295NT"
146 http GET https://registry.npmjs.org/stylus
147 verbose url raw socket.io-client
148 verbose url resolving [ 'https://registry.npmjs.org/', './socket.io-client' ]
149 verbose url resolved https://registry.npmjs.org/socket.io-client
150 verbose etag "AES0RHRQ9GWUA6BS0Z5FDX8G4"
151 http GET https://registry.npmjs.org/socket.io-client
152 verbose url raw express
153 verbose url resolving [ 'https://registry.npmjs.org/', './express' ]
154 verbose url resolved https://registry.npmjs.org/express
155 verbose etag "BKU0CWEJYHE3ABN980FT7RDZ2"
156 http GET https://registry.npmjs.org/express
157 verbose url raw socket.io
158 verbose url resolving [ 'https://registry.npmjs.org/', './socket.io' ]
159 verbose url resolved https://registry.npmjs.org/socket.io
160 verbose etag "62Y43U1VSPY2FUNYL661H0V6M"
161 http GET https://registry.npmjs.org/socket.io
162 verbose url raw qs
163 verbose url resolving [ 'https://registry.npmjs.org/', './qs' ]
164 verbose url resolved https://registry.npmjs.org/qs
165 verbose etag "43Z3QIEP9ITOF432D840KLR67"
166 http GET https://registry.npmjs.org/qs
167 verbose url raw ejs
168 verbose url resolving [ 'https://registry.npmjs.org/', './ejs' ]
169 verbose url resolved https://registry.npmjs.org/ejs
170 verbose etag "1M6CY0RCJ7Z9RLTPGDIUV1FJB"
171 http GET https://registry.npmjs.org/ejs
172 verbose url raw nib
173 verbose url resolving [ 'https://registry.npmjs.org/', './nib' ]
174 verbose url resolved https://registry.npmjs.org/nib
175 verbose etag "EEO55RP0R758GI8PZQL7D0UQG"
176 http GET https://registry.npmjs.org/nib
177 verbose url raw mysql
178 verbose url resolving [ 'https://registry.npmjs.org/', './mysql' ]
179 verbose url resolved https://registry.npmjs.org/mysql
180 verbose etag "52UMGYDUQ424S6IDUQ2YME5JH"
181 http GET https://registry.npmjs.org/mysql
182 verbose url raw connect
183 verbose url resolving [ 'https://registry.npmjs.org/', './connect' ]
184 verbose url resolved https://registry.npmjs.org/connect
185 verbose etag "48NH0JACRBWU16UL5AG63QDYU"
186 http GET https://registry.npmjs.org/connect
187 http 304 https://registry.npmjs.org/stylus
188 silly registry.get cb [ 304,
188 silly registry.get   { server: 'CouchDB/1.2.0 (Erlang OTP/R15B)',
188 silly registry.get     etag: '"CF5LU1ZZCF9IXXJEFEIA295NT"',
188 silly registry.get     date: 'Thu, 05 Jul 2012 15:52:26 GMT',
188 silly registry.get     'content-length': '0' } ]
189 verbose etag stylus from cache
190 silly addNameRange number 2 { name: 'stylus', range: '', hasData: true }
191 silly addNameRange versions [ 'stylus',
191 silly addNameRange   [ '0.0.1',
191 silly addNameRange     '0.0.2',
191 silly addNameRange     '0.1.0',
191 silly addNameRange     '0.2.0',
191 silly addNameRange     '0.2.1',
191 silly addNameRange     '0.3.0',
191 silly addNameRange     '0.3.1',
191 silly addNameRange     '0.4.0',
191 silly addNameRange     '0.4.1',
191 silly addNameRange     '0.5.0',
191 silly addNameRange     '0.5.1',
191 silly addNameRange     '0.5.2',
191 silly addNameRange     '0.5.3',
191 silly addNameRange     '0.6.0',
191 silly addNameRange     '0.6.2',
191 silly addNameRange     '0.6.3',
191 silly addNameRange     '0.6.4',
191 silly addNameRange     '0.6.5',
191 silly addNameRange     '0.6.6',
191 silly addNameRange     '0.6.7',
191 silly addNameRange     '0.7.0',
191 silly addNameRange     '0.7.1',
191 silly addNameRange     '0.7.2',
191 silly addNameRange     '0.7.3',
191 silly addNameRange     '0.7.4',
191 silly addNameRange     '0.8.0',
191 silly addNameRange     '0.9.0',
191 silly addNameRange     '0.9.1',
191 silly addNameRange     '0.9.2',
191 silly addNameRange     '0.10.0',
191 silly addNameRange     '0.11.0',
191 silly addNameRange     '0.11.1',
191 silly addNameRange     '0.11.2',
191 silly addNameRange     '0.11.3',
191 silly addNameRange     '0.11.4',
191 silly addNameRange     '0.11.5',
191 silly addNameRange     '0.11.6',
191 silly addNameRange     '0.11.7',
191 silly addNameRange     '0.11.8',
191 silly addNameRange     '0.11.9',
191 silly addNameRange     '0.11.10',
191 silly addNameRange     '0.11.11',
191 silly addNameRange     '0.11.12',
191 silly addNameRange     '0.12.0',
191 silly addNameRange     '0.12.1',
191 silly addNameRange     '0.12.2',
191 silly addNameRange     '0.12.3',
191 silly addNameRange     '0.12.4',
191 silly addNameRange     '0.13.0',
191 silly addNameRange     '0.13.1',
191 silly addNameRange     '0.13.2',
191 silly addNameRange     '0.13.3',
191 silly addNameRange     '0.13.4',
191 silly addNameRange     '0.13.5',
191 silly addNameRange     '0.13.6',
191 silly addNameRange     '0.13.7',
191 silly addNameRange     '0.13.8',
191 silly addNameRange     '0.13.9',
191 silly addNameRange     '0.14.0',
191 silly addNameRange     '0.15.0',
191 silly addNameRange     '0.15.1',
191 silly addNameRange     '0.15.2',
191 silly addNameRange     '0.15.3',
191 silly addNameRange     '0.15.4',
191 silly addNameRange     '0.16.0',
191 silly addNameRange     '0.17.0',
191 silly addNameRange     '0.18.0',
191 silly addNameRange     '0.26.1',
191 silly addNameRange     '0.27.0',
191 silly addNameRange     '0.27.1',
191 silly addNameRange     '0.27.2' ] ]
192 verbose read json G:\IATBFOREVER\AppData\Roaming\npm-cache\stylus\0.27.2\package\package.json
193 http 304 https://registry.npmjs.org/socket.io-client
194 silly registry.get cb [ 304,
194 silly registry.get   { server: 'CouchDB/1.2.0 (Erlang OTP/R15B)',
194 silly registry.get     etag: '"AES0RHRQ9GWUA6BS0Z5FDX8G4"',
194 silly registry.get     date: 'Thu, 05 Jul 2012 15:52:26 GMT',
194 silly registry.get     'content-length': '0' } ]
195 verbose etag socket.io-client from cache
196 silly addNameRange number 2 { name: 'socket.io-client', range: '', hasData: true }
197 silly addNameRange versions [ 'socket.io-client',
197 silly addNameRange   [ '0.7.0',
197 silly addNameRange     '0.7.1',
197 silly addNameRange     '0.7.2',
197 silly addNameRange     '0.7.3',
197 silly addNameRange     '0.7.4',
197 silly addNameRange     '0.7.5',
197 silly addNameRange     '0.7.9',
197 silly addNameRange     '0.7.10',
197 silly addNameRange     '0.7.11',
197 silly addNameRange     '0.8.0',
197 silly addNameRange     '0.8.1',
197 silly addNameRange     '0.8.2',
197 silly addNameRange     '0.8.3',
197 silly addNameRange     '0.8.4',
197 silly addNameRange     '0.8.5',
197 silly addNameRange     '0.8.6',
197 silly addNameRange     '0.8.7',
197 silly addNameRange     '0.9.0',
197 silly addNameRange     '0.9.1',
197 silly addNameRange     '0.9.1-1',
197 silly addNameRange     '0.9.2',
197 silly addNameRange     '0.9.3',
197 silly addNameRange     '0.9.4',
197 silly addNameRange     '0.9.5',
197 silly addNameRange     '0.9.6' ] ]
198 verbose read json G:\IATBFOREVER\AppData\Roaming\npm-cache\socket.io-client\0.9.6\package\package.json
199 http 304 https://registry.npmjs.org/jsdom
200 silly registry.get cb [ 304,
200 silly registry.get   { server: 'CouchDB/1.2.0 (Erlang OTP/R15B)',
200 silly registry.get     etag: '"C56C0J7ZYL2GBFHWFBO0CKX05"',
200 silly registry.get     date: 'Thu, 05 Jul 2012 15:52:26 GMT',
200 silly registry.get     'content-length': '0' } ]
201 verbose etag jsdom from cache
202 silly addNameRange number 2 { name: 'jsdom', range: '>=0.2.14', hasData: true }
203 silly addNameRange versions [ 'jsdom',
203 silly addNameRange   [ '0.0.1',
203 silly addNameRange     '0.1.2',
203 silly addNameRange     '0.1.4',
203 silly addNameRange     '0.1.5',
203 silly addNameRange     '0.1.6',
203 silly addNameRange     '0.1.7',
203 silly addNameRange     '0.1.8',
203 silly addNameRange     '0.1.9',
203 silly addNameRange     '0.1.10',
203 silly addNameRange     '0.1.11',
203 silly addNameRange     '0.1.12',
203 silly addNameRange     '0.1.13',
203 silly addNameRange     '0.1.15',
203 silly addNameRange     '0.1.16',
203 silly addNameRange     '0.1.17',
203 silly addNameRange     '0.1.18',
203 silly addNameRange     '0.1.19',
203 silly addNameRange     '0.1.20',
203 silly addNameRange     '0.1.21',
203 silly addNameRange     '0.1.22',
203 silly addNameRange     '0.1.23',
203 silly addNameRange     '0.2.0',
203 silly addNameRange     '0.2.1',
203 silly addNameRange     '0.2.2',
203 silly addNameRange     '0.2.3',
203 silly addNameRange     '0.2.4',
203 silly addNameRange     '0.2.5',
203 silly addNameRange     '0.2.6',
203 silly addNameRange     '0.2.7',
203 silly addNameRange     '0.2.8',
203 silly addNameRange     '0.2.9',
203 silly addNameRange     '0.2.10',
203 silly addNameRange     '0.2.11',
203 silly addNameRange     '0.2.12',
203 silly addNameRange     '0.2.13',
203 silly addNameRange     '0.2.14' ] ]
204 verbose read json G:\IATBFOREVER\AppData\Roaming\npm-cache\jsdom\0.2.14\package\package.json
205 http 304 https://registry.npmjs.org/express
206 silly registry.get cb [ 304,
206 silly registry.get   { server: 'CouchDB/1.2.0 (Erlang OTP/R15B)',
206 silly registry.get     etag: '"BKU0CWEJYHE3ABN980FT7RDZ2"',
206 silly registry.get     date: 'Thu, 05 Jul 2012 15:52:26 GMT',
206 silly registry.get     'content-length': '0' } ]
207 verbose etag express from cache
208 silly addNameRange number 2 { name: 'express', range: '>=2.5.11', hasData: true }
209 silly addNameRange versions [ 'express',
209 silly addNameRange   [ '0.14.0',
209 silly addNameRange     '0.14.1',
209 silly addNameRange     '1.0.0beta',
209 silly addNameRange     '1.0.0beta2',
209 silly addNameRange     '1.0.0rc',
209 silly addNameRange     '1.0.0rc2',
209 silly addNameRange     '1.0.0rc3',
209 silly addNameRange     '1.0.0rc4',
209 silly addNameRange     '1.0.0',
209 silly addNameRange     '1.0.1',
209 silly addNameRange     '1.0.2',
209 silly addNameRange     '1.0.3',
209 silly addNameRange     '1.0.4',
209 silly addNameRange     '1.0.5',
209 silly addNameRange     '1.0.6',
209 silly addNameRange     '1.0.7',
209 silly addNameRange     '3.0.0alpha3',
209 silly addNameRange     '3.0.0alpha4',
209 silly addNameRange     '3.0.0alpha5',
209 silly addNameRange     '3.0.0beta1',
209 silly addNameRange     '3.0.0beta2',
209 silly addNameRange     '3.0.0beta3',
209 silly addNameRange     '2.5.10',
209 silly addNameRange     '3.0.0beta4',
209 silly addNameRange     '3.0.0beta5',
209 silly addNameRange     '2.5.11' ] ]
210 verbose read json G:\IATBFOREVER\AppData\Roaming\npm-cache\express\2.5.11\package\package.json
211 http 304 https://registry.npmjs.org/socket.io
212 silly registry.get cb [ 304,
212 silly registry.get   { server: 'CouchDB/1.2.0 (Erlang OTP/R15B)',
212 silly registry.get     etag: '"62Y43U1VSPY2FUNYL661H0V6M"',
212 silly registry.get     date: 'Thu, 05 Jul 2012 15:52:26 GMT',
212 silly registry.get     'content-length': '0' } ]
213 verbose etag socket.io from cache
214 silly addNameRange number 2 { name: 'socket.io', range: '>=0.9.6', hasData: true }
215 silly addNameRange versions [ 'socket.io',
215 silly addNameRange   [ '0.3.8',
215 silly addNameRange     '0.4.0',
215 silly addNameRange     '0.4.1',
215 silly addNameRange     '0.5.1',
215 silly addNameRange     '0.5.3',
215 silly addNameRange     '0.6.0',
215 silly addNameRange     '0.6.1',
215 silly addNameRange     '0.6.3',
215 silly addNameRange     '0.6.4',
215 silly addNameRange     '0.6.5',
215 silly addNameRange     '0.6.6',
215 silly addNameRange     '0.6.7',
215 silly addNameRange     '0.6.8',
215 silly addNameRange     '0.6.9',
215 silly addNameRange     '0.6.10',
215 silly addNameRange     '0.6.11',
215 silly addNameRange     '0.6.12',
215 silly addNameRange     '0.6.14',
215 silly addNameRange     '0.6.15',
215 silly addNameRange     '0.6.16',
215 silly addNameRange     '0.6.17',
215 silly addNameRange     '0.6.18',
215 silly addNameRange     '0.7.0',
215 silly addNameRange     '0.7.1',
215 silly addNameRange     '0.7.2',
215 silly addNameRange     '0.7.3',
215 silly addNameRange     '0.7.4',
215 silly addNameRange     '0.7.5',
215 silly addNameRange     '0.7.6',
215 silly addNameRange     '0.7.7',
215 silly addNameRange     '0.7.8',
215 silly addNameRange     '0.7.9',
215 silly addNameRange     '0.7.10',
215 silly addNameRange     '0.7.11',
215 silly addNameRange     '0.8.0',
215 silly addNameRange     '0.8.1',
215 silly addNameRange     '0.8.2',
215 silly addNameRange     '0.8.3',
215 silly addNameRange     '0.8.4',
215 silly addNameRange     '0.8.5',
215 silly addNameRange     '0.8.6',
215 silly addNameRange     '0.8.7',
215 silly addNameRange     '0.9.0',
215 silly addNameRange     '0.9.1',
215 silly addNameRange     '0.9.1-1',
215 silly addNameRange     '0.9.2',
215 silly addNameRange     '0.9.3',
215 silly addNameRange     '0.9.4',
215 silly addNameRange     '0.9.5',
215 silly addNameRange     '0.9.6' ] ]
216 verbose read json G:\IATBFOREVER\AppData\Roaming\npm-cache\socket.io\0.9.6\package\package.json
217 http 304 https://registry.npmjs.org/qs
218 silly registry.get cb [ 304,
218 silly registry.get   { server: 'CouchDB/1.2.0 (Erlang OTP/R15B)',
218 silly registry.get     etag: '"43Z3QIEP9ITOF432D840KLR67"',
218 silly registry.get     date: 'Thu, 05 Jul 2012 15:52:26 GMT',
218 silly registry.get     'content-length': '0' } ]
219 verbose etag qs from cache
220 silly addNameRange number 2 { name: 'qs', range: '', hasData: true }
221 silly addNameRange versions [ 'qs',
221 silly addNameRange   [ '0.0.1',
221 silly addNameRange     '0.0.2',
221 silly addNameRange     '0.0.3',
221 silly addNameRange     '0.0.4',
221 silly addNameRange     '0.0.5',
221 silly addNameRange     '0.0.6',
221 silly addNameRange     '0.0.7',
221 silly addNameRange     '0.1.0',
221 silly addNameRange     '0.2.0',
221 silly addNameRange     '0.3.0',
221 silly addNameRange     '0.3.1',
221 silly addNameRange     '0.3.2',
221 silly addNameRange     '0.4.0',
221 silly addNameRange     '0.4.1',
221 silly addNameRange     '0.4.2',
221 silly addNameRange     '0.5.0' ] ]
222 verbose read json G:\IATBFOREVER\AppData\Roaming\npm-cache\qs\0.5.0\package\package.json
223 http 404 https://registry.npmjs.org/jad
224 silly registry.get cb [ 404,
224 silly registry.get   { server: 'CouchDB/1.2.0 (Erlang OTP/R15B)',
224 silly registry.get     date: 'Thu, 05 Jul 2012 15:52:26 GMT',
224 silly registry.get     'content-type': 'application/json',
224 silly registry.get     'content-length': '52',
224 silly registry.get     'cache-control': 'must-revalidate' } ]
225 error 404 'jad' is not in the npm registry.
225 error 404 You should bug the author to publish it
225 error 404
225 error 404 Note that you can also install from a
225 error 404 tarball, folder, or http url, or git url.
226 error System Windows_NT 6.1.7600
227 error command "c:\\Program Files\\nodejs\\node.exe" "c:\\Program Files\\nodejs\\node_modules\\npm\\bin\\npm-cli.js" "install"
228 error cwd D:\git\webstorm\my_cf
229 error node -v v0.8.0
230 error npm -v 1.1.32
231 error code E404
232 error message 404 Not Found: jad
233 verbose exit [ 1, true ]
